
/home/runner/work/exp-eigen-diagonalization-dei/exp-eigen-diagonalization-dei/experiment/simulation/js/evevalscript.js
    2:10  warning  'smatrix' is defined but never used             no-unused-vars
    4:1   warning  Mixed spaces and tabs                           no-mixed-spaces-and-tabs
    5:1   warning  Mixed spaces and tabs                           no-mixed-spaces-and-tabs
    6:1   warning  Mixed spaces and tabs                           no-mixed-spaces-and-tabs
    7:1   warning  Mixed spaces and tabs                           no-mixed-spaces-and-tabs
    8:1   warning  Mixed spaces and tabs                           no-mixed-spaces-and-tabs
    9:2   warning  Mixed spaces and tabs                           no-mixed-spaces-and-tabs
   10:1   warning  Mixed spaces and tabs                           no-mixed-spaces-and-tabs
   11:1   warning  Mixed spaces and tabs                           no-mixed-spaces-and-tabs
   12:1   warning  Mixed spaces and tabs                           no-mixed-spaces-and-tabs
   13:2   warning  Mixed spaces and tabs                           no-mixed-spaces-and-tabs
   14:3   warning  Mixed spaces and tabs                           no-mixed-spaces-and-tabs
   15:3   warning  Mixed spaces and tabs                           no-mixed-spaces-and-tabs
   16:2   warning  Mixed spaces and tabs                           no-mixed-spaces-and-tabs
   17:1   warning  Mixed spaces and tabs                           no-mixed-spaces-and-tabs
   18:1   warning  Mixed spaces and tabs                           no-mixed-spaces-and-tabs
   19:1   warning  Mixed spaces and tabs                           no-mixed-spaces-and-tabs
   20:2   warning  Mixed spaces and tabs                           no-mixed-spaces-and-tabs
   21:1   warning  Mixed spaces and tabs                           no-mixed-spaces-and-tabs
   22:1   warning  Mixed spaces and tabs                           no-mixed-spaces-and-tabs
   24:3   warning  'MathJax' is not defined                        no-undef
   24:33  warning  'MathJax' is not defined                        no-undef
   26:1   warning  Mixed spaces and tabs                           no-mixed-spaces-and-tabs
   27:1   warning  Mixed spaces and tabs                           no-mixed-spaces-and-tabs
   29:11  warning  'eigenValues' is defined but never used         no-unused-vars
   50:7   warning  'v1' is assigned a value but never used         no-unused-vars
   51:7   warning  'v2' is assigned a value but never used         no-unused-vars
   59:11  warning  'forprereq' is defined but never used           no-unused-vars
   65:11  warning  'eigenVector' is defined but never used         no-unused-vars
   71:7   warning  'va' is assigned a value but never used         no-unused-vars
   72:7   warning  'vd' is assigned a value but never used         no-unused-vars
   76:7   warning  'symb' is assigned a value but never used       no-unused-vars
   85:7   warning  'v1' is assigned a value but never used         no-unused-vars
   86:7   warning  'v2' is assigned a value but never used         no-unused-vars
   88:7   warning  'det' is assigned a value but never used        no-unused-vars
   94:9   warning  'trace' is already defined                      no-redeclare
   96:9   warning  'trace2' is assigned a value but never used     no-unused-vars
   98:6   warning  'eqdec' is assigned a value but never used      no-unused-vars
  100:13  warning  'latexCode' is assigned a value but never used  no-unused-vars
  110:4   warning  'MathJax' is not defined                        no-undef
  110:34  warning  'MathJax' is not defined                        no-undef
  117:3   warning  Mixed spaces and tabs                           no-mixed-spaces-and-tabs
  118:3   warning  Mixed spaces and tabs                           no-mixed-spaces-and-tabs
  123:5   warning  'MathJax' is not defined                        no-undef
  123:35  warning  'MathJax' is not defined                        no-undef
  128:4   warning  'MathJax' is not defined                        no-undef
  128:34  warning  'MathJax' is not defined                        no-undef
  136:4   warning  'MathJax' is not defined                        no-undef
  136:34  warning  'MathJax' is not defined                        no-undef
  140:3   warning  Mixed spaces and tabs                           no-mixed-spaces-and-tabs
  142:3   warning  Mixed spaces and tabs                           no-mixed-spaces-and-tabs
  148:4   warning  'MathJax' is not defined                        no-undef
  148:34  warning  'MathJax' is not defined                        no-undef
  153:5   warning  'MathJax' is not defined                        no-undef
  153:35  warning  'MathJax' is not defined                        no-undef
  156:4   warning  'MathJax' is not defined                        no-undef
  156:34  warning  'MathJax' is not defined                        no-undef
  161:3   warning  Mixed spaces and tabs                           no-mixed-spaces-and-tabs
  162:3   warning  Mixed spaces and tabs                           no-mixed-spaces-and-tabs
  168:4   warning  'MathJax' is not defined                        no-undef
  168:34  warning  'MathJax' is not defined                        no-undef
  172:5   warning  'MathJax' is not defined                        no-undef
  172:35  warning  'MathJax' is not defined                        no-undef
  175:4   warning  'MathJax' is not defined                        no-undef
  175:34  warning  'MathJax' is not defined                        no-undef
  181:3   warning  Mixed spaces and tabs                           no-mixed-spaces-and-tabs
  182:3   warning  Mixed spaces and tabs                           no-mixed-spaces-and-tabs
  186:4   warning  'MathJax' is not defined                        no-undef
  186:34  warning  'MathJax' is not defined                        no-undef
  193:3   warning  Mixed spaces and tabs                           no-mixed-spaces-and-tabs
  194:3   warning  Mixed spaces and tabs                           no-mixed-spaces-and-tabs
  200:4   warning  'MathJax' is not defined                        no-undef
  200:34  warning  'MathJax' is not defined                        no-undef
  204:5   warning  'MathJax' is not defined                        no-undef
  204:35  warning  'MathJax' is not defined                        no-undef
  207:4   warning  'MathJax' is not defined                        no-undef
  207:34  warning  'MathJax' is not defined                        no-undef
  214:3   warning  Mixed spaces and tabs                           no-mixed-spaces-and-tabs
  217:11  warning  'forlamda2' is defined but never used           no-unused-vars
  223:7   warning  'va' is assigned a value but never used         no-unused-vars
  224:7   warning  'vd' is assigned a value but never used         no-unused-vars
  228:7   warning  'symb' is assigned a value but never used       no-unused-vars
  237:7   warning  'v1' is assigned a value but never used         no-unused-vars
  238:7   warning  'v2' is assigned a value but never used         no-unused-vars
  240:7   warning  'det' is assigned a value but never used        no-unused-vars
  248:4   warning  'MathJax' is not defined                        no-undef
  248:34  warning  'MathJax' is not defined                        no-undef
  255:11  warning  'expln2' is defined but never used              no-unused-vars
  261:7   warning  'va' is assigned a value but never used         no-unused-vars
  262:7   warning  'vd' is assigned a value but never used         no-unused-vars
  263:7   warning  'symb' is assigned a value but never used       no-unused-vars
  271:7   warning  'v1' is assigned a value but never used         no-unused-vars
  272:7   warning  'v2' is assigned a value but never used         no-unused-vars
  274:7   warning  'det' is assigned a value but never used        no-unused-vars
  280:4   warning  'MathJax' is not defined                        no-undef
  280:34  warning  'MathJax' is not defined                        no-undef
  284:11  warning  'chEqe' is defined but never used               no-unused-vars
  292:7   warning  'symb' is assigned a value but never used       no-unused-vars
  314:1   warning  Mixed spaces and tabs                           no-mixed-spaces-and-tabs
  315:2   warning  'MathJax' is not defined                        no-undef
  315:32  warning  'MathJax' is not defined                        no-undef
  316:1   warning  Mixed spaces and tabs                           no-mixed-spaces-and-tabs
  317:1   warning  Mixed spaces and tabs                           no-mixed-spaces-and-tabs
  318:1   warning  Mixed spaces and tabs                           no-mixed-spaces-and-tabs
  319:1   warning  Mixed spaces and tabs                           no-mixed-spaces-and-tabs

/home/runner/work/exp-eigen-diagonalization-dei/exp-eigen-diagonalization-dei/experiment/simulation/js/script.js
    1:10  warning  'mulX2' is defined but never used   no-unused-vars
    4:10  warning  'txfun' is defined but never used   no-unused-vars
   11:10  warning  'ques1' is defined but never used   no-unused-vars
   30:10  warning  'ques2' is defined but never used   no-unused-vars
   49:10  warning  'ques3' is defined but never used   no-unused-vars
   68:10  warning  'ques4' is defined but never used   no-unused-vars
   89:10  warning  'ques5' is defined but never used   no-unused-vars
  109:10  warning  'ques6' is defined but never used   no-unused-vars
  127:10  warning  'infren' is defined but never used  no-unused-vars
  130:10  warning  'eveval' is defined but never used  no-unused-vars
  140:10  warning  'p2que0' is defined but never used  no-unused-vars
  161:10  warning  'p2que1' is defined but never used  no-unused-vars
  182:10  warning  'p2que2' is defined but never used  no-unused-vars
  202:10  warning  'p2que3' is defined but never used  no-unused-vars
  223:10  warning  'p2que4' is defined but never used  no-unused-vars

✖ 120 problems (0 errors, 120 warnings)

